<?xml version="1.0" encoding="UTF-8"?>
<!-- Generated by org.testng.reporters.JUnitReportReporter -->
<testsuite skipped="0" hostname="HP" name="po.testcases.GobearAssignment" tests="6" failures="0" timestamp="20 Apr 2020 07:21:24 GMT" time="115.825" errors="0">
  <testcase name="TC002_VerifyInsurerFilter" time="13.156" classname="po.testcases.GobearAssignment"/>
  <testcase name="TC006_VerifyDateFilter" time="32.517" classname="po.testcases.GobearAssignment"/>
  <testcase name="TC004_VerifyRangeOption" time="26.171" classname="po.testcases.GobearAssignment"/>
  <testcase name="TC005_VerifyDestinationFilter" time="18.767" classname="po.testcases.GobearAssignment"/>
  <testcase name="TC001_VerifyMinCardNumberAndCategory" time="11.657" classname="po.testcases.GobearAssignment"/>
  <testcase name="TC003_VerifySortPriceHighToLow" time="13.557" classname="po.testcases.GobearAssignment"/>
</testsuite> <!-- po.testcases.GobearAssignment -->
